<?xml version="1.0" encoding="UTF-8"?>
<!-- Generated by org.testng.reporters.JUnitReportReporter -->
<testsuite hostname="latif" failures="0" tests="3" name="com.qa.testcases.LoginPageTest" time="29.592" errors="0" timestamp="2024-01-08T11:43:20 EST" skipped="0">
  <testcase classname="com.qa.testcases.LoginPageTest" name="VerifyPageTitleTest" time="7.679"/>
  <testcase classname="com.qa.testcases.LoginPageTest" name="verifySignInMessageTest" time="9.569"/>
  <testcase classname="com.qa.testcases.LoginPageTest" name="verifyLogInTest" time="12.344"/>
</testsuite> <!-- com.qa.testcases.LoginPageTest -->
